0 info it worked if it ends with ok
1 verbose cli [ '/usr/bin/node', '/usr/bin/npm', 'install' ]
2 info using npm@1.1.33
3 info using node@v0.8.1
4 verbose config file /home/tch/.npmrc
5 verbose config file /usr/etc/npmrc
6 verbose config file /usr/lib/node_modules/npm/npmrc
7 verbose read json /home/tch/Dropbox/ProjektPolska/degallimaufry/package.json
8 verbose readDependencies using package.json deps
9 verbose install where, deps [ '/home/tch/Dropbox/ProjektPolska/degallimaufry',
9 verbose install   [ 'express', 'jade', 'sqlite3' ] ]
10 verbose from cache /home/tch/Dropbox/ProjektPolska/degallimaufry/package.json
11 info preinstall degallimaufry@0.0.1
12 verbose from cache /home/tch/Dropbox/ProjektPolska/degallimaufry/package.json
13 verbose readDependencies using package.json deps
14 verbose cache add [ 'express@3.0.0beta7', null ]
15 silly cache add name=undefined spec="express@3.0.0beta7" args=["express@3.0.0beta7",null]
16 verbose parsed url { pathname: 'express@3.0.0beta7',
16 verbose parsed url   path: 'express@3.0.0beta7',
16 verbose parsed url   href: 'express@3.0.0beta7' }
17 silly cache add name="express" spec="3.0.0beta7" args=["express","3.0.0beta7"]
18 verbose parsed url { pathname: '3.0.0beta7',
18 verbose parsed url   path: '3.0.0beta7',
18 verbose parsed url   href: '3.0.0beta7' }
19 verbose addNamed [ 'express', '3.0.0beta7' ]
20 verbose addNamed [ '3.0.0beta7', '3.0.0beta7' ]
21 verbose cache add [ 'jade@*', null ]
22 silly cache add name=undefined spec="jade@*" args=["jade@*",null]
23 verbose parsed url { pathname: 'jade@*', path: 'jade@*', href: 'jade@*' }
24 silly cache add name="jade" spec="*" args=["jade","*"]
25 verbose parsed url { pathname: '*', path: '*', href: '*' }
26 verbose addNamed [ 'jade', '*' ]
27 verbose addNamed [ null, '' ]
28 verbose cache add [ 'sqlite3@>= 2.1.0', null ]
29 silly cache add name=undefined spec="sqlite3@>= 2.1.0" args=["sqlite3@>= 2.1.0",null]
30 verbose parsed url { pathname: 'sqlite3@%3E=%202.1.0',
30 verbose parsed url   path: 'sqlite3@%3E=%202.1.0',
30 verbose parsed url   href: 'sqlite3@%3E=%202.1.0' }
31 silly cache add name="sqlite3" spec=">= 2.1.0" args=["sqlite3",">= 2.1.0"]
32 verbose parsed url { pathname: '%3E=%202.1.0',
32 verbose parsed url   path: '%3E=%202.1.0',
32 verbose parsed url   href: '%3E=%202.1.0' }
33 verbose addNamed [ 'sqlite3', '>= 2.1.0' ]
34 verbose addNamed [ null, '>=2.1.0' ]
35 verbose lock express@3.0.0beta7 /home/tch/.npm/64e563b9e4a7289ea493bb448cfd4881ab466323-express-3-0-0beta7.lock
36 verbose lock jade@* /home/tch/.npm/ad03ed786dd5bde252aefde8da57d8ffd51cd978-jade-.lock
37 verbose lock sqlite3@>= 2.1.0 /home/tch/.npm/216d6b794c99354b5869534124a217e7b4d01b7e-sqlite3-2-1-0.lock
38 silly addNameRange { name: 'jade', range: '', hasData: false }
39 silly addNameRange { name: 'sqlite3', range: '>=2.1.0', hasData: false }
40 verbose url raw express/3.0.0beta7
41 verbose url resolving [ 'https://registry.npmjs.org/', './express/3.0.0beta7' ]
42 verbose url resolved https://registry.npmjs.org/express/3.0.0beta7
43 info retry registry request attempt 1 at 05:21:20
44 http GET https://registry.npmjs.org/express/3.0.0beta7
45 verbose url raw jade
46 verbose url resolving [ 'https://registry.npmjs.org/', './jade' ]
47 verbose url resolved https://registry.npmjs.org/jade
48 info retry registry request attempt 1 at 05:21:20
49 http GET https://registry.npmjs.org/jade
50 verbose url raw sqlite3
51 verbose url resolving [ 'https://registry.npmjs.org/', './sqlite3' ]
52 verbose url resolved https://registry.npmjs.org/sqlite3
53 info retry registry request attempt 1 at 05:21:20
54 http GET https://registry.npmjs.org/sqlite3
55 info retry will retry, error on last attempt: Error: connect ETIMEDOUT
56 info retry will retry, error on last attempt: Error: connect ETIMEDOUT
57 info retry will retry, error on last attempt: Error: connect ETIMEDOUT
58 info retry registry request attempt 2 at 05:22:39
59 http GET https://registry.npmjs.org/sqlite3
60 info retry registry request attempt 2 at 05:22:39
61 http GET https://registry.npmjs.org/express/3.0.0beta7
62 info retry registry request attempt 2 at 05:22:39
63 http GET https://registry.npmjs.org/jade
64 info retry will retry, error on last attempt: Error: connect ETIMEDOUT
65 info retry will retry, error on last attempt: Error: connect ETIMEDOUT
66 info retry will retry, error on last attempt: Error: connect ETIMEDOUT
67 info retry registry request attempt 3 at 05:24:47
68 http GET https://registry.npmjs.org/jade
69 info retry registry request attempt 3 at 05:24:47
70 http GET https://registry.npmjs.org/express/3.0.0beta7
71 info retry registry request attempt 3 at 05:24:47
72 http GET https://registry.npmjs.org/sqlite3
73 error Error: connect ETIMEDOUT
73 error     at errnoException (net.js:781:11)
73 error     at Object.afterConnect [as oncomplete] (net.js:772:19)
73 error  { [Error: connect ETIMEDOUT] code: 'ETIMEDOUT', errno: 'ETIMEDOUT', syscall: 'connect' }
74 error You may report this log at:
74 error     <http://github.com/isaacs/npm/issues>
74 error or email it to:
74 error     <npm-@googlegroups.com>
75 error System Linux 3.4.4-2-ARCH
76 error command "/usr/bin/node" "/usr/bin/npm" "install"
77 error cwd /home/tch/Dropbox/ProjektPolska/degallimaufry
78 error node -v v0.8.1
79 error npm -v 1.1.33
80 error syscall connect
81 error code ETIMEDOUT
82 error message connect ETIMEDOUT
83 error errno ETIMEDOUT
84 error ETIMEDOUT errno
85 verbose exit [ 1, true ]
