0 info it worked if it ends with ok
1 verbose cli [ '/usr/bin/node', '/usr/bin/npm', 'install' ]
2 info using npm@1.1.33
3 info using node@v0.8.1
4 verbose config file /home/tch/.npmrc
5 verbose config file /usr/etc/npmrc
6 verbose config file /usr/lib/node_modules/npm/npmrc
7 verbose read json /home/tch/Dropbox/ProjektPolska/degallimaufry/scripts/package.json
8 verbose readDependencies using package.json deps
9 verbose install where, deps [ '/home/tch/Dropbox/ProjektPolska/degallimaufry/scripts',
9 verbose install   [ 'csv', 'sqlite3' ] ]
10 verbose from cache /home/tch/Dropbox/ProjektPolska/degallimaufry/scripts/package.json
11 info preinstall Spagetti@0.0.1
12 verbose from cache /home/tch/Dropbox/ProjektPolska/degallimaufry/scripts/package.json
13 verbose readDependencies using package.json deps
14 verbose cache add [ 'csv@>= 0.0.16', null ]
15 silly cache add name=undefined spec="csv@>= 0.0.16" args=["csv@>= 0.0.16",null]
16 verbose parsed url { pathname: 'csv@%3E=%200.0.16',
16 verbose parsed url   path: 'csv@%3E=%200.0.16',
16 verbose parsed url   href: 'csv@%3E=%200.0.16' }
17 silly cache add name="csv" spec=">= 0.0.16" args=["csv",">= 0.0.16"]
18 verbose parsed url { pathname: '%3E=%200.0.16',
18 verbose parsed url   path: '%3E=%200.0.16',
18 verbose parsed url   href: '%3E=%200.0.16' }
19 verbose addNamed [ 'csv', '>= 0.0.16' ]
20 verbose addNamed [ null, '>=0.0.16' ]
21 verbose cache add [ 'sqlite3@>= 2.1.0', null ]
22 silly cache add name=undefined spec="sqlite3@>= 2.1.0" args=["sqlite3@>= 2.1.0",null]
23 verbose parsed url { pathname: 'sqlite3@%3E=%202.1.0',
23 verbose parsed url   path: 'sqlite3@%3E=%202.1.0',
23 verbose parsed url   href: 'sqlite3@%3E=%202.1.0' }
24 silly cache add name="sqlite3" spec=">= 2.1.0" args=["sqlite3",">= 2.1.0"]
25 verbose parsed url { pathname: '%3E=%202.1.0',
25 verbose parsed url   path: '%3E=%202.1.0',
25 verbose parsed url   href: '%3E=%202.1.0' }
26 verbose addNamed [ 'sqlite3', '>= 2.1.0' ]
27 verbose addNamed [ null, '>=2.1.0' ]
28 verbose lock csv@>= 0.0.16 /home/tch/.npm/a6d08a9d0c032471bcc6066ba7d5907d99c224b2-csv-0-0-16.lock
29 verbose lock sqlite3@>= 2.1.0 /home/tch/.npm/216d6b794c99354b5869534124a217e7b4d01b7e-sqlite3-2-1-0.lock
30 silly addNameRange { name: 'csv', range: '>=0.0.16', hasData: false }
31 silly addNameRange { name: 'sqlite3', range: '>=2.1.0', hasData: false }
32 verbose url raw csv
33 verbose url resolving [ 'https://registry.npmjs.org/', './csv' ]
34 verbose url resolved https://registry.npmjs.org/csv
35 info retry registry request attempt 1 at 05:16:42
36 http GET https://registry.npmjs.org/csv
37 verbose url raw sqlite3
38 verbose url resolving [ 'https://registry.npmjs.org/', './sqlite3' ]
39 verbose url resolved https://registry.npmjs.org/sqlite3
40 info retry registry request attempt 1 at 05:16:42
41 http GET https://registry.npmjs.org/sqlite3
42 info retry will retry, error on last attempt: Error: connect ETIMEDOUT
43 info retry will retry, error on last attempt: Error: connect ETIMEDOUT
44 info retry registry request attempt 2 at 05:18:00
45 http GET https://registry.npmjs.org/sqlite3
46 info retry registry request attempt 2 at 05:18:00
47 http GET https://registry.npmjs.org/csv
48 info retry will retry, error on last attempt: Error: connect ETIMEDOUT
49 info retry will retry, error on last attempt: Error: connect ETIMEDOUT
50 info retry registry request attempt 3 at 05:20:09
51 http GET https://registry.npmjs.org/csv
52 info retry registry request attempt 3 at 05:20:09
53 http GET https://registry.npmjs.org/sqlite3
54 error Error: connect ETIMEDOUT
54 error     at errnoException (net.js:781:11)
54 error     at Object.afterConnect [as oncomplete] (net.js:772:19)
54 error  { [Error: connect ETIMEDOUT] code: 'ETIMEDOUT', errno: 'ETIMEDOUT', syscall: 'connect' }
55 error You may report this log at:
55 error     <http://github.com/isaacs/npm/issues>
55 error or email it to:
55 error     <npm-@googlegroups.com>
56 error System Linux 3.4.4-2-ARCH
57 error command "/usr/bin/node" "/usr/bin/npm" "install"
58 error cwd /home/tch/Dropbox/ProjektPolska/degallimaufry/scripts
59 error node -v v0.8.1
60 error npm -v 1.1.33
61 error syscall connect
62 error code ETIMEDOUT
63 error message connect ETIMEDOUT
64 error errno ETIMEDOUT
65 error ETIMEDOUT errno
66 verbose exit [ 1, true ]
